android/proguard/seeds.txt
com.protogab.bucketbird.android.AndroidLauncher
com.protogab.bucketbird.android.AndroidLauncher: AndroidLauncher()
...
com.google.android.gms.R
com.google.android.gms.R: R()
com.google.android.gms.R$attr
com.google.android.gms.R$attr: int adSize
com.google.android.gms.R$attr: int adSizes
com.google.android.gms.R$attr: int adUnitId
com.google.android.gms.R$attr: int buyButtonAppearance
com.google.android.gms.R$attr: int buyButtonHeight
com.google.android.gms.R$attr: int buyButtonText
com.google.android.gms.R$attr: int buyButtonWidth
com.google.android.gms.R$attr: int cameraBearing
com.google.android.gms.R$attr: int cameraTargetLat
com.google.android.gms.R$attr: int cameraTargetLng
com.google.android.gms.R$attr: int cameraTilt
com.google.android.gms.R$attr: int cameraZoom
com.google.android.gms.R$attr: int environment
com.google.android.gms.R$attr: int fragmentMode
com.google.android.gms.R$attr: int fragmentStyle
com.google.android.gms.R$attr: int mapType
com.google.android.gms.R$attr: int maskedWalletDetailsBackground
com.google.android.gms.R$attr: int maskedWalletDetailsButtonBackground
com.google.android.gms.R$attr: int maskedWalletDetailsButtonTextAppearance
com.google.android.gms.R$attr: int maskedWalletDetailsHeaderTextAppearance
com.google.android.gms.R$attr: int maskedWalletDetailsLogoImageType
com.google.android.gms.R$attr: int maskedWalletDetailsLogoTextColor
com.google.android.gms.R$attr: int maskedWalletDetailsTextAppearance
com.google.android.gms.R$attr: int theme
com.google.android.gms.R$attr: int uiCompass
com.google.android.gms.R$attr: int uiRotateGestures
com.google.android.gms.R$attr: int uiScrollGestures
com.google.android.gms.R$color
com.google.android.gms.R$color: int common_action_bar_splitter
com.google.android.gms.R$color: int common_signin_btn_dark_text_default
com.google.android.gms.R$color: int common_signin_btn_dark_text_disabled
com.google.android.gms.R$color: int common_signin_btn_dark_text_focused
com.google.android.gms.R$color: int common_signin_btn_dark_text_pressed
com.google.android.gms.R$color: int common_signin_btn_default_background
com.google.android.gms.R$color: int common_signin_btn_light_text_default
com.google.android.gms.R$color: int common_signin_btn_light_text_disabled
com.google.android.gms.R$color: int common_signin_btn_light_text_focused
com.google.android.gms.R$color: int common_signin_btn_light_text_pressed
com.google.android.gms.R$color: int common_signin_btn_text_dark
com.google.android.gms.R$color: int common_signin_btn_text_light
com.google.android.gms.R$color: int wallet_bright_foreground_disabled_holo_light
com.google.android.gms.R$color: int wallet_bright_foreground_holo_dark
com.google.android.gms.R$color: int wallet_bright_foreground_holo_light
com.google.android.gms.R$color: int wallet_dim_foreground_disabled_holo_dark
com.google.android.gms.R$color: int wallet_dim_foreground_holo_dark
com.google.android.gms.R$color: int wallet_dim_foreground_inverse_disabled_holo_dark
com.google.android.gms.R$color: int wallet_dim_foreground_inverse_holo_dark
com.google.android.gms.R$color: int wallet_highlighted_text_holo_dark