android/proguard/mapping.txt
com.protogab.bucketbird.android.AndroidLauncher -> com.protogab.bucketbird.android.AndroidLauncher:
    java.lang.String developerPublisherId -> a
    int backKeyCount -> b
    com.badlogic.gdx.utils.I18NBundle langBundle -> c
    int optionSelected -> d
    java.lang.String comment -> e
    com.google.example.games.basegameutils.GameHelper gameHelper -> f
    com.badlogic.gdx.Preferences preferences -> g
    com.google.android.gms.ads.InterstitialAd interstitialAd -> h
    java.lang.String AD_UNIT_ID_INTERSTITIAL -> i
    void onCreate(android.os.Bundle) -> onCreate
    void onStart() -> onStart
    void onStop() -> onStop
    void onActivityResult(int,int,android.content.Intent) -> onActivityResult
    void setLangBundle(com.badlogic.gdx.utils.I18NBundle) -> a
    void showAlertBoxNeutral(java.lang.String,java.lang.String,java.lang.String) -> a
    boolean shareContent(java.lang.String,java.lang.String,java.lang.String) -> b
    void appStoreInfo() -> a
    void appStoreCatalog() -> b
    void trackEvent(java.lang.String,java.lang.String) -> a
    void trackEvent(java.lang.String,java.lang.String,java.lang.String,int) -> a
    void showAds$1385ff() -> c
    void showOrLoadInterstital() -> d
    boolean getSignedInGPGS() -> e
    void loginGPGS() -> f
    void submitScoreGPGS(java.lang.String,int) -> a
    void unlockAchievementGPGS(java.lang.String) -> a
    void getLeaderboardGPGS(java.lang.String) -> b
    void onSignInFailed() -> onSignInFailed
com.protogab.bucketbird.android.AndroidLauncher$1 -> com.protogab.bucketbird.android.a:
    com.protogab.bucketbird.android.AndroidLauncher this$0 -> a
    void onAdLoaded() -> onAdLoaded
    void onAdClosed() -> onAdClosed
com.protogab.bucketbird.android.AndroidLauncher$10 -> com.protogab.bucketbird.android.b:
    com.protogab.bucketbird.android.AndroidLauncher this$0 -> a
    void run() -> run
com.protogab.bucketbird.android.AndroidLauncher$10$1 -> com.protogab.bucketbird.android.c:
    com.protogab.bucketbird.android.AndroidLauncher$10 this$1 -> a
    void onClick(android.content.DialogInterface,int) -> onClick
com.protogab.bucketbird.android.AndroidLauncher$11 -> com.protogab.bucketbird.android.d:
    com.protogab.bucketbird.android.AndroidLauncher this$0 -> a
    void run() -> run
com.protogab.bucketbird.android.AndroidLauncher$12 -> com.protogab.bucketbird.android.e:
    com.protogab.bucketbird.android.AndroidLauncher this$0 -> a
    void run() -> run
com.protogab.bucketbird.android.AndroidLauncher$4 -> com.protogab.bucketbird.android.f:
    com.protogab.bucketbird.android.AndroidLauncher this$0 -> a
    java.lang.String val$alertBoxTitle -> b
    java.lang.String val$alertBoxMessage -> c
    java.lang.String val$alertBoxButtonText -> d
    void run() -> run
com.protogab.bucketbird.android.AndroidLauncher$4$1 -> com.protogab.bucketbird.android.g:
    com.protogab.bucketbird.android.AndroidLauncher$4 this$1 -> a
    void onClick(android.content.DialogInterface,int) -> onClick
...
com.google.android.gms.internal.ia$c -> com.google.android.gms.internal.ia$c:
    com.google.android.gms.common.api.Status f(com.google.android.gms.common.api.Status) -> f
    com.google.android.gms.common.api.Result d(com.google.android.gms.common.api.Status) -> d
com.google.android.gms.internal.ib -> com.google.android.gms.internal.ib:
    com.google.android.gms.plus.model.people.Person getCurrentPerson(com.google.android.gms.common.api.GoogleApiClient) -> getCurrentPerson
    com.google.android.gms.common.api.PendingResult loadVisible(com.google.android.gms.common.api.GoogleApiClient,int,java.lang.String) -> loadVisible
    com.google.android.gms.common.api.PendingResult loadVisible(com.google.android.gms.common.api.GoogleApiClient,java.lang.String) -> loadVisible
    com.google.android.gms.common.api.PendingResult loadConnected(com.google.android.gms.common.api.GoogleApiClient) -> loadConnected
    com.google.android.gms.common.api.PendingResult load(com.google.android.gms.common.api.GoogleApiClient,java.util.Collection) -> load
    com.google.android.gms.common.api.PendingResult load(com.google.android.gms.common.api.GoogleApiClient,java.lang.String[]) -> load
com.google.android.gms.internal.ib$1 -> com.google.android.gms.internal.ib$1:
    int UD -> UD
    java.lang.String Uw -> Uw
    com.google.android.gms.internal.ib UE -> UE
    void a(com.google.android.gms.plus.internal.e) -> a
    void a(com.google.android.gms.common.api.Api$a) -> a
com.google.android.gms.internal.ib$2 -> com.google.android.gms.internal.ib$2:
    java.lang.String Uw -> Uw
    com.google.android.gms.internal.ib UE -> UE
    void a(com.google.android.gms.plus.internal.e) -> a
    void a(com.google.android.gms.common.api.Api$a) -> a
com.google.android.gms.internal.ib$3 -> com.google.android.gms.internal.ib$3:
    com.google.android.gms.internal.ib UE -> UE
    void a(com.google.android.gms.plus.internal.e) -> a
    void a(com.google.android.gms.common.api.Api$a) -> a
com.google.android.gms.internal.ib$4 -> com.google.android.gms.internal.ib$4:
    java.util.Collection UF -> UF
    com.google.android.gms.internal.ib UE -> UE
    void a(com.google.android.gms.plus.internal.e) -> a
    void a(com.google.android.gms.common.api.Api$a) -> a
com.google.android.gms.internal.ib$5 -> com.google.android.gms.internal.ib$5:
    java.lang.String[] UG -> UG
    com.google.android.gms.internal.ib UE -> UE
    void a(com.google.android.gms.plus.internal.e) -> a
    void a(com.google.android.gms.common.api.Api$a) -> a
com.google.android.gms.internal.ib$a -> com.google.android.gms.internal.ib$a:
    com.google.android.gms.plus.People$LoadPeopleResult ab(com.google.android.gms.common.api.Status) -> ab
    com.google.android.gms.common.api.Result d(com.google.android.gms.common.api.Status) -> d
com.google.android.gms.internal.ib$a$1 -> com.google.android.gms.internal.ib$a$1:
    com.google.android.gms.common.api.Status wz -> wz
    com.google.android.gms.internal.ib$a UH -> UH
    com.google.android.gms.common.api.Status getStatus() -> getStatus
    void release() -> release
    com.google.android.gms.plus.model.people.PersonBuffer getPersonBuffer() -> getPersonBuffer
    java.lang.String getNextPageToken() -> getNextPageToken